This file contains any messages produced by compilers while
running configure, to aid debugging if configure makes a mistake.

It was created by configure, which was
generated by GNU Autoconf 2.68.  Invocation command line was

  $ ./configure 

## --------- ##
## Platform. ##
## --------- ##

hostname = FEDORA18
uname -m = x86_64
uname -r = 3.7.3-101.fc17.x86_64
uname -s = Linux
uname -v = #1 SMP Fri Jan 18 17:40:57 UTC 2013

/usr/bin/uname -p = x86_64
/bin/uname -X     = unknown

/bin/arch              = x86_64
/usr/bin/arch -k       = unknown
/usr/convex/getsysinfo = unknown
/usr/bin/hostinfo      = unknown
/bin/machine           = unknown
/usr/bin/oslevel       = unknown
/bin/universe          = unknown

PATH: /usr/lib64/qt-3.3/bin
PATH: /usr/local/bin
PATH: /usr/bin
PATH: /bin
PATH: /usr/games
PATH: /usr/local/sbin
PATH: /usr/sbin
PATH: /home/carlos/.local/bin
PATH: /home/carlos/bin


## ----------- ##
## Core tests. ##
## ----------- ##

configure:1846: checking for a BSD-compatible install
configure:1914: result: /usr/bin/install -c
configure:1925: checking whether build environment is sane
configure:1962: result: yes
configure:1987: checking for a thread-safe mkdir -p
configure:2026: result: /usr/bin/mkdir -p
configure:2039: checking for gawk
configure:2055: found /usr/bin/gawk
configure:2066: result: gawk
configure:2077: checking whether make sets $(MAKE)
configure:2099: result: yes
configure:2329: checking for gcc
configure:2345: found /usr/bin/gcc
configure:2356: result: gcc
configure:2585: checking for C compiler version
configure:2594: gcc --version >&5
gcc (GCC) 4.7.2 20120921 (Red Hat 4.7.2-2)
Copyright (C) 2012 Free Software Foundation, Inc.
This is free software; see the source for copying conditions.  There is NO
warranty; not even for MERCHANTABILITY or FITNESS FOR A PARTICULAR PURPOSE.

configure:2605: $? = 0
configure:2594: gcc -v >&5
Using built-in specs.
COLLECT_GCC=gcc
COLLECT_LTO_WRAPPER=/usr/libexec/gcc/x86_64-redhat-linux/4.7.2/lto-wrapper
Target: x86_64-redhat-linux
Configured with: ../configure --prefix=/usr --mandir=/usr/share/man --infodir=/usr/share/info --with-bugurl=http://bugzilla.redhat.com/bugzilla --enable-bootstrap --enable-shared --enable-threads=posix --enable-checking=release --disable-build-with-cxx --disable-build-poststage1-with-cxx --with-system-zlib --enable-__cxa_atexit --disable-libunwind-exceptions --enable-gnu-unique-object --enable-linker-build-id --with-linker-hash-style=gnu --enable-languages=c,c++,objc,obj-c++,java,fortran,ada,go,lto --enable-plugin --enable-initfini-array --enable-java-awt=gtk --disable-dssi --with-java-home=/usr/lib/jvm/java-1.5.0-gcj-1.5.0.0/jre --enable-libgcj-multifile --enable-java-maintainer-mode --with-ecj-jar=/usr/share/java/eclipse-ecj.jar --disable-libjava-multilib --with-ppl --with-cloog --with-tune=generic --with-arch_32=i686 --build=x86_64-redhat-linux
Thread model: posix
gcc version 4.7.2 20120921 (Red Hat 4.7.2-2) (GCC) 
configure:2605: $? = 0
configure:2594: gcc -V >&5
gcc: error: unrecognized command line option '-V'
gcc: fatal error: no input files
compilation terminated.
configure:2605: $? = 4
configure:2594: gcc -qversion >&5
gcc: error: unrecognized command line option '-qversion'
gcc: fatal error: no input files
compilation terminated.
configure:2605: $? = 4
configure:2625: checking whether the C compiler works
configure:2647: gcc    conftest.c  >&5
configure:2651: $? = 0
configure:2699: result: yes
configure:2702: checking for C compiler default output file name
configure:2704: result: a.out
configure:2710: checking for suffix of executables
configure:2717: gcc -o conftest    conftest.c  >&5
configure:2721: $? = 0
configure:2743: result: 
configure:2765: checking whether we are cross compiling
configure:2773: gcc -o conftest    conftest.c  >&5
configure:2777: $? = 0
configure:2784: ./conftest
configure:2788: $? = 0
configure:2803: result: no
configure:2808: checking for suffix of object files
configure:2830: gcc -c   conftest.c >&5
configure:2834: $? = 0
configure:2855: result: o
configure:2859: checking whether we are using the GNU C compiler
configure:2878: gcc -c   conftest.c >&5
configure:2878: $? = 0
configure:2887: result: yes
configure:2896: checking whether gcc accepts -g
configure:2916: gcc -c -g  conftest.c >&5
configure:2916: $? = 0
configure:2957: result: yes
configure:2974: checking for gcc option to accept ISO C89
configure:3038: gcc  -c -g -O2  conftest.c >&5
configure:3038: $? = 0
configure:3051: result: none needed
configure:3082: checking for style of include used by make
configure:3110: result: GNU
configure:3135: checking dependency style of gcc
configure:3226: result: gcc3
configure:3299: checking for g++
configure:3315: found /usr/bin/g++
configure:3326: result: g++
configure:3353: checking for C++ compiler version
configure:3362: g++ --version >&5
g++ (GCC) 4.7.2 20120921 (Red Hat 4.7.2-2)
Copyright (C) 2012 Free Software Foundation, Inc.
This is free software; see the source for copying conditions.  There is NO
warranty; not even for MERCHANTABILITY or FITNESS FOR A PARTICULAR PURPOSE.

configure:3373: $? = 0
configure:3362: g++ -v >&5
Using built-in specs.
COLLECT_GCC=g++
COLLECT_LTO_WRAPPER=/usr/libexec/gcc/x86_64-redhat-linux/4.7.2/lto-wrapper
Target: x86_64-redhat-linux
Configured with: ../configure --prefix=/usr --mandir=/usr/share/man --infodir=/usr/share/info --with-bugurl=http://bugzilla.redhat.com/bugzilla --enable-bootstrap --enable-shared --enable-threads=posix --enable-checking=release --disable-build-with-cxx --disable-build-poststage1-with-cxx --with-system-zlib --enable-__cxa_atexit --disable-libunwind-exceptions --enable-gnu-unique-object --enable-linker-build-id --with-linker-hash-style=gnu --enable-languages=c,c++,objc,obj-c++,java,fortran,ada,go,lto --enable-plugin --enable-initfini-array --enable-java-awt=gtk --disable-dssi --with-java-home=/usr/lib/jvm/java-1.5.0-gcj-1.5.0.0/jre --enable-libgcj-multifile --enable-java-maintainer-mode --with-ecj-jar=/usr/share/java/eclipse-ecj.jar --disable-libjava-multilib --with-ppl --with-cloog --with-tune=generic --with-arch_32=i686 --build=x86_64-redhat-linux
Thread model: posix
gcc version 4.7.2 20120921 (Red Hat 4.7.2-2) (GCC) 
configure:3373: $? = 0
configure:3362: g++ -V >&5
g++: error: unrecognized command line option '-V'
g++: fatal error: no input files
compilation terminated.
configure:3373: $? = 4
configure:3362: g++ -qversion >&5
g++: error: unrecognized command line option '-qversion'
g++: fatal error: no input files
compilation terminated.
configure:3373: $? = 4
configure:3377: checking whether we are using the GNU C++ compiler
configure:3396: g++ -c   conftest.cpp >&5
configure:3396: $? = 0
configure:3405: result: yes
configure:3414: checking whether g++ accepts -g
configure:3434: g++ -c -g  conftest.cpp >&5
configure:3434: $? = 0
configure:3475: result: yes
configure:3500: checking dependency style of g++
configure:3591: result: gcc3
configure:3777: creating ./config.status

## ---------------------- ##
## Running config.status. ##
## ---------------------- ##

This file was extended by config.status, which was
generated by GNU Autoconf 2.68.  Invocation command line was

  CONFIG_FILES    = 
  CONFIG_HEADERS  = 
  CONFIG_LINKS    = 
  CONFIG_COMMANDS = 
  $ ./config.status 

on FEDORA18

config.status:783: creating Makefile
config.status:955: executing depfiles commands

## ---------------- ##
## Cache variables. ##
## ---------------- ##

ac_cv_c_compiler_gnu=yes
ac_cv_cxx_compiler_gnu=yes
ac_cv_env_CCC_set=
ac_cv_env_CCC_value=
ac_cv_env_CC_set=
ac_cv_env_CC_value=
ac_cv_env_CFLAGS_set=
ac_cv_env_CFLAGS_value=
ac_cv_env_CPPFLAGS_set=
ac_cv_env_CPPFLAGS_value=
ac_cv_env_CXXFLAGS_set=
ac_cv_env_CXXFLAGS_value=
ac_cv_env_CXX_set=
ac_cv_env_CXX_value=
ac_cv_env_LDFLAGS_set=
ac_cv_env_LDFLAGS_value=
ac_cv_env_LIBS_set=
ac_cv_env_LIBS_value=
ac_cv_env_build_alias_set=
ac_cv_env_build_alias_value=
ac_cv_env_host_alias_set=
ac_cv_env_host_alias_value=
ac_cv_env_target_alias_set=
ac_cv_env_target_alias_value=
ac_cv_objext=o
ac_cv_path_install='/usr/bin/install -c'
ac_cv_path_mkdir=/usr/bin/mkdir
ac_cv_prog_AWK=gawk
ac_cv_prog_ac_ct_CC=gcc
ac_cv_prog_ac_ct_CXX=g++
ac_cv_prog_cc_c89=
ac_cv_prog_cc_g=yes
ac_cv_prog_cxx_g=yes
ac_cv_prog_make_make_set=yes
am_cv_CC_dependencies_compiler_type=gcc3
am_cv_CXX_dependencies_compiler_type=gcc3

## ----------------- ##
## Output variables. ##
## ----------------- ##

ACLOCAL='${SHELL} /home/carlos/Git/tortunnel/missing --run aclocal-1.11'
AMDEPBACKSLASH='\'
AMDEP_FALSE='#'
AMDEP_TRUE=''
AMTAR='${SHELL} /home/carlos/Git/tortunnel/missing --run tar'
AUTOCONF='${SHELL} /home/carlos/Git/tortunnel/missing --run autoconf'
AUTOHEADER='${SHELL} /home/carlos/Git/tortunnel/missing --run autoheader'
AUTOMAKE='${SHELL} /home/carlos/Git/tortunnel/missing --run automake-1.11'
AWK='gawk'
CC='gcc'
CCDEPMODE='depmode=gcc3'
CFLAGS='-g -O2'
CPPFLAGS=''
CXX='g++'
CXXDEPMODE='depmode=gcc3'
CXXFLAGS='-g -O2'
CYGPATH_W='echo'
DEFS='-DPACKAGE_NAME=\"\" -DPACKAGE_TARNAME=\"\" -DPACKAGE_VERSION=\"\" -DPACKAGE_STRING=\"\" -DPACKAGE_BUGREPORT=\"\" -DPACKAGE_URL=\"\" -DPACKAGE=\"tortunnel\" -DVERSION=\"0.3\"'
DEPDIR='.deps'
ECHO_C=''
ECHO_N='-n'
ECHO_T=''
EXEEXT=''
INSTALL_DATA='${INSTALL} -m 644'
INSTALL_PROGRAM='${INSTALL}'
INSTALL_SCRIPT='${INSTALL}'
INSTALL_STRIP_PROGRAM='$(install_sh) -c -s'
LDFLAGS=''
LIBOBJS=''
LIBS=''
LTLIBOBJS=''
MAKEINFO='${SHELL} /home/carlos/Git/tortunnel/missing --run makeinfo'
MKDIR_P='/usr/bin/mkdir -p'
OBJEXT='o'
PACKAGE='tortunnel'
PACKAGE_BUGREPORT=''
PACKAGE_NAME=''
PACKAGE_STRING=''
PACKAGE_TARNAME=''
PACKAGE_URL=''
PACKAGE_VERSION=''
PATH_SEPARATOR=':'
SET_MAKE=''
SHELL='/bin/sh'
STRIP=''
VERSION='0.3'
ac_ct_CC='gcc'
ac_ct_CXX='g++'
am__fastdepCC_FALSE='#'
am__fastdepCC_TRUE=''
am__fastdepCXX_FALSE='#'
am__fastdepCXX_TRUE=''
am__include='include'
am__isrc=''
am__leading_dot='.'
am__quote=''
am__tar='${AMTAR} chof - "$$tardir"'
am__untar='${AMTAR} xf -'
bindir='${exec_prefix}/bin'
build_alias=''
datadir='${datarootdir}'
datarootdir='${prefix}/share'
docdir='${datarootdir}/doc/${PACKAGE}'
dvidir='${docdir}'
exec_prefix='${prefix}'
host_alias=''
htmldir='${docdir}'
includedir='${prefix}/include'
infodir='${datarootdir}/info'
install_sh='$(SHELL) /home/carlos/Git/tortunnel/install-sh'
libdir='${exec_prefix}/lib'
libexecdir='${exec_prefix}/libexec'
localedir='${datarootdir}/locale'
localstatedir='${prefix}/var'
mandir='${datarootdir}/man'
mkdir_p='/usr/bin/mkdir -p'
oldincludedir='/usr/include'
pdfdir='${docdir}'
prefix='/usr/local'
program_transform_name='s,x,x,'
psdir='${docdir}'
sbindir='${exec_prefix}/sbin'
sharedstatedir='${prefix}/com'
sysconfdir='${prefix}/etc'
target_alias=''

## ----------- ##
## confdefs.h. ##
## ----------- ##

/* confdefs.h */
#define PACKAGE_NAME ""
#define PACKAGE_TARNAME ""
#define PACKAGE_VERSION ""
#define PACKAGE_STRING ""
#define PACKAGE_BUGREPORT ""
#define PACKAGE_URL ""
#define PACKAGE "tortunnel"
#define VERSION "0.3"

configure: exit 0
